Hopped index pairs and their counts:
TATGGCAC-TGTTCCGT:	82265 read-pairs
CTAGCTCA-CGGTAATC:	274 read-pairs
CTCTGGAT-AGGATAGC:	719 read-pairs
TCGACAAG-ATCATGCG:	7188 read-pairs
TGTTCCGT-TATGGCAC:	78364 read-pairs
TACCGGAT-TCGAGAGT:	2572 read-pairs
GATCAAGG-TCTTCGAC:	15551 read-pairs
ATCATGCG-TATGGCAC:	605 read-pairs
GTCCTAAG-TATGGCAC:	6276 read-pairs
TCTTCGAC-TCGGATTC:	1033 read-pairs
TACCGGAT-AGGATAGC:	1566 read-pairs
GATCAAGG-GCTACTCT:	142 read-pairs
CACTTCAC-TCTTCGAC:	677 read-pairs
TACCGGAT-TCGACAAG:	735 read-pairs
CTCTGGAT-TACCGGAT:	9772 read-pairs
AGAGTCCA-TACCGGAT:	1699 read-pairs
CACTTCAC-ACGATCAG:	274 read-pairs
TATGGCAC-AACAGCGA:	512 read-pairs
CGATCGAT-GTAGCGTA:	147 read-pairs
TCTTCGAC-CTCTGGAT:	4102 read-pairs
CTAGCTCA-CTCTGGAT:	2871 read-pairs
CGATCGAT-TGTTCCGT:	366 read-pairs
AGGATAGC-TCTTCGAC:	1239 read-pairs
TGTTCCGT-TACCGGAT:	3285 read-pairs
CTAGCTCA-TCGACAAG:	13254 read-pairs
TACCGGAT-CTCTGGAT:	10382 read-pairs
TATGGCAC-TCTTCGAC:	3173 read-pairs
TCGGATTC-ACGATCAG:	137 read-pairs
TACCGGAT-TCTTCGAC:	8676 read-pairs
CGGTAATC-TACCGGAT:	5971 read-pairs
GATCAAGG-ACGATCAG:	406 read-pairs
CGATCGAT-TACCGGAT:	1482 read-pairs
TCTTCGAC-ATCGTGGT:	3861 read-pairs
GTCCTAAG-CTAGCTCA:	346 read-pairs
GCTACTCT-GTAGCGTA:	513 read-pairs
GCTACTCT-TACCGGAT:	1256 read-pairs
TGTTCCGT-TAGCCATG:	405 read-pairs
AGAGTCCA-CGATCGAT:	200 read-pairs
TACCGGAT-GCTACTCT:	1208 read-pairs
TCGACAAG-AGAGTCCA:	92 read-pairs
AGGATAGC-CTCTGGAT:	607 read-pairs
GATCAAGG-GTCCTAAG:	298 read-pairs
ATCATGCG-TCTTCGAC:	1203 read-pairs
AGGATAGC-TACCGGAT:	1277 read-pairs
GTCCTAAG-TACCGGAT:	1559 read-pairs
AGGATAGC-GTAGCGTA:	782 read-pairs
AGGATAGC-GCTACTCT:	276 read-pairs
CTCTGGAT-AACAGCGA:	684 read-pairs
CTCTGGAT-GCTACTCT:	2028 read-pairs
CACTTCAC-TAGCCATG:	2860 read-pairs
TAGCCATG-CTCTGGAT:	695 read-pairs
CTAGCTCA-GCTACTCT:	1486 read-pairs
CTCTGGAT-TATGGCAC:	1168 read-pairs
TCTTCGAC-GATCTTGC:	739 read-pairs
TCTTCGAC-TACCGGAT:	7656 read-pairs
TCTTCGAC-GCTACTCT:	826 read-pairs
AGGATAGC-TAGCCATG:	221 read-pairs
TCGAGAGT-TATGGCAC:	328 read-pairs
ATCATGCG-TACCGGAT:	1600 read-pairs
TACCGGAT-CGATCGAT:	1414 read-pairs
GATCAAGG-TACCGGAT:	1045 read-pairs
CGGTAATC-ATCGTGGT:	280 read-pairs
ACGATCAG-TCGAGAGT:	369 read-pairs
GATCAAGG-AGGATAGC:	159 read-pairs
ACGATCAG-TACCGGAT:	1549 read-pairs
ATCGTGGT-TACCGGAT:	1409 read-pairs
TACCGGAT-CTAGCTCA:	3030 read-pairs
CTAGCTCA-AGGATAGC:	397 read-pairs
TAGCCATG-TACCGGAT:	1771 read-pairs
CTAGCTCA-GTCCTAAG:	443 read-pairs
TCTTCGAC-TATGGCAC:	2040 read-pairs
AGGATAGC-ATCATGCG:	350 read-pairs
AACAGCGA-CACTTCAC:	120 read-pairs
CGGTAATC-TCTTCGAC:	807 read-pairs
TCGAGAGT-TGTTCCGT:	671 read-pairs
ATCGTGGT-CTCTGGAT:	943 read-pairs
TACCGGAT-CGGTAATC:	2155 read-pairs
TACCGGAT-ACGATCAG:	1707 read-pairs
CTAGCTCA-GTAGCGTA:	869 read-pairs
AGAGTCCA-TCGGATTC:	141 read-pairs
GTAGCGTA-TACCGGAT:	1261 read-pairs
CTCTGGAT-ATCGTGGT:	729 read-pairs
TACCGGAT-AACAGCGA:	1410 read-pairs
TCGAGAGT-AGAGTCCA:	306 read-pairs
CTCTGGAT-TAGCCATG:	837 read-pairs
TGTTCCGT-TCTTCGAC:	2001 read-pairs
TACCGGAT-TGTTCCGT:	3515 read-pairs
TCTTCGAC-TCGAGAGT:	1786 read-pairs
TCTTCGAC-GTCCTAAG:	884 read-pairs
ATCATGCG-AACAGCGA:	363 read-pairs
GTAGCGTA-TAGCCATG:	197 read-pairs
AGAGTCCA-TCGAGAGT:	779 read-pairs
AGAGTCCA-ACGATCAG:	408 read-pairs
TACCGGAT-ATCATGCG:	1561 read-pairs
AACAGCGA-TACCGGAT:	1716 read-pairs
TATGGCAC-TACCGGAT:	3404 read-pairs
CTCTGGAT-CTAGCTCA:	2109 read-pairs
TGTTCCGT-AGAGTCCA:	547 read-pairs
ACGATCAG-CTAGCTCA:	377 read-pairs
CTAGCTCA-TACCGGAT:	2996 read-pairs
TCTTCGAC-GATCAAGG:	1504 read-pairs
GATCAAGG-CTCTGGAT:	474 read-pairs
TACCGGAT-CACTTCAC:	958 read-pairs
ATCGTGGT-AGGATAGC:	197 read-pairs
TCGAGAGT-CTAGCTCA:	525 read-pairs
TGTTCCGT-CTCTGGAT:	1343 read-pairs
GCTACTCT-TGTTCCGT:	406 read-pairs
TAGCCATG-TATGGCAC:	321 read-pairs
CTAGCTCA-CACTTCAC:	218 read-pairs
ATCGTGGT-GATCAAGG:	503 read-pairs
CTAGCTCA-TCTTCGAC:	1679 read-pairs
CTCTGGAT-TCGGATTC:	540 read-pairs
TACCGGAT-TAGCCATG:	2676 read-pairs
GTAGCGTA-TCGAGAGT:	574 read-pairs
CGGTAATC-TAGCCATG:	239 read-pairs
TACCGGAT-TATGGCAC:	2745 read-pairs
AGAGTCCA-TATGGCAC:	324 read-pairs
TAGCCATG-TCGACAAG:	157 read-pairs
CTAGCTCA-ATCATGCG:	1472 read-pairs
TCGAGAGT-TCTTCGAC:	1383 read-pairs
TGTTCCGT-TCGACAAG:	164 read-pairs
CTCTGGAT-TCGAGAGT:	1604 read-pairs
GATCTTGC-AACAGCGA:	131 read-pairs
TCGAGAGT-CTCTGGAT:	1286 read-pairs
TACCGGAT-GATCAAGG:	1267 read-pairs
TCGAGAGT-TACCGGAT:	2525 read-pairs
TATGGCAC-GTCCTAAG:	580 read-pairs
CTCTGGAT-TGTTCCGT:	1620 read-pairs
ACGATCAG-TATGGCAC:	285 read-pairs
AGGATAGC-GATCTTGC:	391 read-pairs
CTAGCTCA-TATGGCAC:	591 read-pairs
TCGAGAGT-TAGCCATG:	290 read-pairs
CTCTGGAT-GTCCTAAG:	821 read-pairs
ATCATGCG-TAGCCATG:	617 read-pairs
TATGGCAC-CTCTGGAT:	1134 read-pairs
ATCATGCG-TGTTCCGT:	437 read-pairs
TACCGGAT-AGAGTCCA:	1747 read-pairs
ACGATCAG-AACAGCGA:	199 read-pairs
AGAGTCCA-CTCTGGAT:	754 read-pairs
GCTACTCT-TCGAGAGT:	291 read-pairs
TGTTCCGT-CGATCGAT:	407 read-pairs
TCGGATTC-CACTTCAC:	85 read-pairs
ATCGTGGT-AGAGTCCA:	218 read-pairs
TCGGATTC-TAGCCATG:	117 read-pairs
CTCTGGAT-AGAGTCCA:	1407 read-pairs
GATCTTGC-CTCTGGAT:	275 read-pairs
TCGGATTC-TCGACAAG:	57 read-pairs
ATCATGCG-TCGACAAG:	235 read-pairs
TATGGCAC-CACTTCAC:	347 read-pairs
AGGATAGC-CTAGCTCA:	343 read-pairs
CACTTCAC-AGAGTCCA:	122 read-pairs
AGGATAGC-ACGATCAG:	369 read-pairs
TATGGCAC-TAGCCATG:	383 read-pairs
TCGACAAG-TCGGATTC:	73 read-pairs
AGAGTCCA-CTAGCTCA:	766 read-pairs
TATGGCAC-AGAGTCCA:	314 read-pairs
ATCGTGGT-CACTTCAC:	61 read-pairs
TCGGATTC-GATCAAGG:	91 read-pairs
GATCAAGG-CACTTCAC:	64 read-pairs
GCTACTCT-TCGACAAG:	71 read-pairs
CTCTGGAT-TCTTCGAC:	4193 read-pairs
TACCGGAT-GTAGCGTA:	1250 read-pairs
AGAGTCCA-GCTACTCT:	232 read-pairs
CGATCGAT-CTCTGGAT:	873 read-pairs
AGGATAGC-GATCAAGG:	127 read-pairs
CTAGCTCA-AGAGTCCA:	769 read-pairs
TCGACAAG-TCGAGAGT:	254 read-pairs
ATCATGCG-AGAGTCCA:	380 read-pairs
TCGAGAGT-AACAGCGA:	244 read-pairs
CGATCGAT-ATCATGCG:	136 read-pairs
AGGATAGC-AACAGCGA:	222 read-pairs
GCTACTCT-CTCTGGAT:	785 read-pairs
TCGGATTC-AACAGCGA:	861 read-pairs
TCTTCGAC-CGATCGAT:	875 read-pairs
CGATCGAT-AGGATAGC:	220 read-pairs
TCTTCGAC-TCGACAAG:	635 read-pairs
CACTTCAC-CTAGCTCA:	220 read-pairs
CTCTGGAT-GTAGCGTA:	745 read-pairs
TCGGATTC-TACCGGAT:	727 read-pairs
TCTTCGAC-AGAGTCCA:	1020 read-pairs
GTAGCGTA-CACTTCAC:	74 read-pairs
AACAGCGA-CGGTAATC:	114 read-pairs
TGTTCCGT-CACTTCAC:	204 read-pairs
GTAGCGTA-CGATCGAT:	144 read-pairs
AACAGCGA-TCGAGAGT:	298 read-pairs
TACCGGAT-ATCGTGGT:	1531 read-pairs
AGGATAGC-TGTTCCGT:	339 read-pairs
TCGAGAGT-ATCGTGGT:	329 read-pairs
ATCATGCG-CGGTAATC:	135 read-pairs
GTAGCGTA-GATCTTGC:	96 read-pairs
GTAGCGTA-ACGATCAG:	640 read-pairs
GATCTTGC-CTAGCTCA:	148 read-pairs
TAGCCATG-CACTTCAC:	195 read-pairs
TAGCCATG-TGTTCCGT:	396 read-pairs
CACTTCAC-GCTACTCT:	69 read-pairs
ATCGTGGT-TCTTCGAC:	1019 read-pairs
AGAGTCCA-ATCGTGGT:	220 read-pairs
TAGCCATG-CGGTAATC:	104 read-pairs
TACCGGAT-GTCCTAAG:	1625 read-pairs
CGATCGAT-CTAGCTCA:	292 read-pairs
TGTTCCGT-GCTACTCT:	323 read-pairs
AACAGCGA-TCTTCGAC:	1555 read-pairs
TCGGATTC-GCTACTCT:	75 read-pairs
CGGTAATC-GTCCTAAG:	75 read-pairs
ATCATGCG-ACGATCAG:	550 read-pairs
CACTTCAC-TACCGGAT:	745 read-pairs
TCTTCGAC-TGTTCCGT:	2270 read-pairs
TATGGCAC-GCTACTCT:	235 read-pairs
AGAGTCCA-AACAGCGA:	331 read-pairs
TAGCCATG-TCTTCGAC:	945 read-pairs
GTCCTAAG-AACAGCGA:	332 read-pairs
TCTTCGAC-CGGTAATC:	780 read-pairs
GATCAAGG-TGTTCCGT:	239 read-pairs
TCGACAAG-TCTTCGAC:	437 read-pairs
CGATCGAT-TCTTCGAC:	850 read-pairs
TGTTCCGT-CTAGCTCA:	643 read-pairs
ACGATCAG-ATCATGCG:	324 read-pairs
GATCAAGG-TAGCCATG:	240 read-pairs
TCGAGAGT-AGGATAGC:	355 read-pairs
TAGCCATG-CTAGCTCA:	439 read-pairs
CACTTCAC-TCGGATTC:	100 read-pairs
GTCCTAAG-ACGATCAG:	262 read-pairs
TAGCCATG-ACGATCAG:	285 read-pairs
ACGATCAG-GTCCTAAG:	323 read-pairs
ATCATGCG-CTAGCTCA:	474 read-pairs
TGTTCCGT-ATCATGCG:	464 read-pairs
ACGATCAG-CTCTGGAT:	697 read-pairs
AGAGTCCA-GTAGCGTA:	878 read-pairs
TCTTCGAC-AGGATAGC:	1308 read-pairs
GATCTTGC-CGATCGAT:	165 read-pairs
CTAGCTCA-TCGAGAGT:	808 read-pairs
CTCTGGAT-CGATCGAT:	1453 read-pairs
TCGACAAG-CTAGCTCA:	153 read-pairs
CTAGCTCA-ATCGTGGT:	339 read-pairs
ACGATCAG-TAGCCATG:	326 read-pairs
AGGATAGC-TCGGATTC:	210 read-pairs
GATCAAGG-GTAGCGTA:	183 read-pairs
CTCTGGAT-CACTTCAC:	506 read-pairs
AACAGCGA-CTAGCTCA:	404 read-pairs
AACAGCGA-CTCTGGAT:	818 read-pairs
AACAGCGA-CGATCGAT:	231 read-pairs
CGATCGAT-GATCTTGC:	89 read-pairs
GATCAAGG-ATCATGCG:	183 read-pairs
GTAGCGTA-CTAGCTCA:	586 read-pairs
AACAGCGA-ACGATCAG:	343 read-pairs
TCGACAAG-TACCGGAT:	623 read-pairs
GATCAAGG-CTAGCTCA:	203 read-pairs
TCTTCGAC-CTAGCTCA:	1860 read-pairs
GTCCTAAG-TAGCCATG:	286 read-pairs
GTCCTAAG-TCTTCGAC:	830 read-pairs
TGTTCCGT-TCGAGAGT:	656 read-pairs
GATCTTGC-CGGTAATC:	89 read-pairs
CGGTAATC-GATCAAGG:	105 read-pairs
CGGTAATC-TGTTCCGT:	172 read-pairs
TATGGCAC-TCGAGAGT:	695 read-pairs
AGGATAGC-TATGGCAC:	378 read-pairs
TATGGCAC-TCGGATTC:	785 read-pairs
AACAGCGA-TAGCCATG:	230 read-pairs
GCTACTCT-TCTTCGAC:	747 read-pairs
TATGGCAC-ATCGTGGT:	232 read-pairs
CACTTCAC-TATGGCAC:	243 read-pairs
GTCCTAAG-TCGGATTC:	219 read-pairs
TATGGCAC-AGGATAGC:	435 read-pairs
TCGAGAGT-GCTACTCT:	465 read-pairs
TAGCCATG-GATCAAGG:	260 read-pairs
TCTTCGAC-ACGATCAG:	1120 read-pairs
GTAGCGTA-GCTACTCT:	1333 read-pairs
GATCTTGC-TCTTCGAC:	520 read-pairs
TCGGATTC-TCTTCGAC:	833 read-pairs
CTCTGGAT-ATCATGCG:	830 read-pairs
CGGTAATC-CTCTGGAT:	431 read-pairs
CGGTAATC-TCGAGAGT:	124 read-pairs
ATCATGCG-CTCTGGAT:	965 read-pairs
ACGATCAG-AGAGTCCA:	329 read-pairs
TCGGATTC-TCGAGAGT:	166 read-pairs
AGGATAGC-TCGAGAGT:	322 read-pairs
TCTTCGAC-ATCATGCG:	979 read-pairs
AGAGTCCA-TCTTCGAC:	941 read-pairs
TCGAGAGT-GATCAAGG:	206 read-pairs
GTCCTAAG-GCTACTCT:	201 read-pairs
ACGATCAG-ATCGTGGT:	161 read-pairs
CTAGCTCA-ACGATCAG:	537 read-pairs
TGTTCCGT-GATCAAGG:	247 read-pairs
CGGTAATC-ACGATCAG:	103 read-pairs
CGGTAATC-AGGATAGC:	201 read-pairs
TCGGATTC-CGGTAATC:	128 read-pairs
TCTTCGAC-GTAGCGTA:	838 read-pairs
AGGATAGC-ATCGTGGT:	173 read-pairs
GATCTTGC-TACCGGAT:	530 read-pairs
CTAGCTCA-GATCAAGG:	305 read-pairs
TCGACAAG-GATCAAGG:	102 read-pairs
TCGGATTC-CGATCGAT:	203 read-pairs
CGATCGAT-ACGATCAG:	187 read-pairs
AACAGCGA-GATCTTGC:	506 read-pairs
AACAGCGA-ATCGTGGT:	286 read-pairs
ACGATCAG-CACTTCAC:	133 read-pairs
GCTACTCT-GTCCTAAG:	217 read-pairs
GTAGCGTA-TGTTCCGT:	361 read-pairs
TGTTCCGT-TCGGATTC:	723 read-pairs
TCTTCGAC-AACAGCGA:	708 read-pairs
ACGATCAG-TCTTCGAC:	836 read-pairs
AGGATAGC-GTCCTAAG:	179 read-pairs
TATGGCAC-ACGATCAG:	381 read-pairs
TGTTCCGT-GTCCTAAG:	305 read-pairs
TACCGGAT-TCGGATTC:	1001 read-pairs
TGTTCCGT-ACGATCAG:	375 read-pairs
GTAGCGTA-CTCTGGAT:	600 read-pairs
GTCCTAAG-TGTTCCGT:	734 read-pairs
CGATCGAT-GCTACTCT:	140 read-pairs
GTCCTAAG-ATCATGCG:	268 read-pairs
TATGGCAC-GTAGCGTA:	234 read-pairs
TCGAGAGT-ACGATCAG:	503 read-pairs
AGGATAGC-TCGACAAG:	88 read-pairs
ATCATGCG-GCTACTCT:	221 read-pairs
AACAGCGA-ATCATGCG:	428 read-pairs
ACGATCAG-TCGGATTC:	117 read-pairs
CTCTGGAT-GATCTTGC:	436 read-pairs
CGGTAATC-TCGGATTC:	107 read-pairs
CTCTGGAT-ACGATCAG:	874 read-pairs
TCGAGAGT-CGATCGAT:	256 read-pairs
TGTTCCGT-ATCGTGGT:	316 read-pairs
AACAGCGA-GTCCTAAG:	238 read-pairs
GTCCTAAG-ATCGTGGT:	157 read-pairs
AGGATAGC-CGATCGAT:	201 read-pairs
CTAGCTCA-TAGCCATG:	567 read-pairs
ACGATCAG-GATCAAGG:	224 read-pairs
CGATCGAT-CACTTCAC:	89 read-pairs
GTCCTAAG-TCGAGAGT:	244 read-pairs
AGAGTCCA-GTCCTAAG:	233 read-pairs
GTCCTAAG-AGGATAGC:	183 read-pairs
CTCTGGAT-GATCAAGG:	517 read-pairs
GTCCTAAG-CTCTGGAT:	732 read-pairs
CGGTAATC-TATGGCAC:	151 read-pairs
CACTTCAC-CTCTGGAT:	481 read-pairs
TCTTCGAC-TAGCCATG:	1117 read-pairs
GATCAAGG-ATCGTGGT:	322 read-pairs
TCGACAAG-GTCCTAAG:	168 read-pairs
ATCGTGGT-GTAGCGTA:	175 read-pairs
AGGATAGC-CGGTAATC:	198 read-pairs
TCGACAAG-CGATCGAT:	74 read-pairs
TCGAGAGT-TCGGATTC:	274 read-pairs
GCTACTCT-AGGATAGC:	162 read-pairs
GATCTTGC-TATGGCAC:	181 read-pairs
TGTTCCGT-GTAGCGTA:	369 read-pairs
TCGACAAG-TAGCCATG:	206 read-pairs
CTAGCTCA-TGTTCCGT:	690 read-pairs
TACCGGAT-GATCTTGC:	801 read-pairs
GATCTTGC-ACGATCAG:	111 read-pairs
TATGGCAC-GATCTTGC:	261 read-pairs
AGAGTCCA-ATCATGCG:	291 read-pairs
ATCGTGGT-CTAGCTCA:	276 read-pairs
ATCGTGGT-TCGAGAGT:	326 read-pairs
TCGGATTC-GTCCTAAG:	105 read-pairs
TATGGCAC-CTAGCTCA:	567 read-pairs
ATCGTGGT-TGTTCCGT:	284 read-pairs
ATCATGCG-ATCGTGGT:	324 read-pairs
CGGTAATC-CTAGCTCA:	205 read-pairs
GCTACTCT-GATCAAGG:	144 read-pairs
TCGAGAGT-GTAGCGTA:	247 read-pairs
TAGCCATG-GCTACTCT:	148 read-pairs
GATCAAGG-CGATCGAT:	136 read-pairs
GTAGCGTA-AGAGTCCA:	357 read-pairs
TCGGATTC-GATCTTGC:	231 read-pairs
CGATCGAT-AACAGCGA:	116 read-pairs
CTCTGGAT-CGGTAATC:	577 read-pairs
TCGACAAG-TGTTCCGT:	140 read-pairs
ACGATCAG-CGGTAATC:	149 read-pairs
GTAGCGTA-GATCAAGG:	156 read-pairs
CGATCGAT-TATGGCAC:	136 read-pairs
GCTACTCT-ACGATCAG:	250 read-pairs
GTCCTAAG-GATCAAGG:	285 read-pairs
GCTACTCT-GATCTTGC:	110 read-pairs
CGGTAATC-TCGACAAG:	50 read-pairs
TAGCCATG-ATCATGCG:	264 read-pairs
ATCGTGGT-TATGGCAC:	207 read-pairs
ATCATGCG-AGGATAGC:	396 read-pairs
TGTTCCGT-AGGATAGC:	370 read-pairs
TAGCCATG-GATCTTGC:	116 read-pairs
AGAGTCCA-TCGACAAG:	90 read-pairs
CTCTGGAT-TCGACAAG:	385 read-pairs
AACAGCGA-TGTTCCGT:	361 read-pairs
GTAGCGTA-TCGGATTC:	101 read-pairs
CACTTCAC-AGGATAGC:	153 read-pairs
TATGGCAC-ATCATGCG:	315 read-pairs
GCTACTCT-TATGGCAC:	211 read-pairs
AGGATAGC-AGAGTCCA:	342 read-pairs
TATGGCAC-GATCAAGG:	240 read-pairs
ATCGTGGT-TAGCCATG:	152 read-pairs
TGTTCCGT-CGGTAATC:	186 read-pairs
ATCATGCG-TCGAGAGT:	316 read-pairs
AGAGTCCA-AGGATAGC:	339 read-pairs
ACGATCAG-CGATCGAT:	272 read-pairs
ATCATGCG-TCGGATTC:	138 read-pairs
CACTTCAC-CGATCGAT:	143 read-pairs
AGAGTCCA-CGGTAATC:	147 read-pairs
CACTTCAC-ATCATGCG:	99 read-pairs
TCGACAAG-AACAGCGA:	63 read-pairs
ATCGTGGT-ACGATCAG:	223 read-pairs
GTCCTAAG-CGATCGAT:	178 read-pairs
TGTTCCGT-GATCTTGC:	251 read-pairs
CTAGCTCA-GATCTTGC:	242 read-pairs
GATCAAGG-AGAGTCCA:	165 read-pairs
CACTTCAC-CGGTAATC:	168 read-pairs
TGTTCCGT-AACAGCGA:	621 read-pairs
CTAGCTCA-AACAGCGA:	400 read-pairs
TCGAGAGT-GTCCTAAG:	259 read-pairs
GTAGCGTA-TCTTCGAC:	800 read-pairs
GTAGCGTA-ATCGTGGT:	195 read-pairs
TCGGATTC-AGGATAGC:	191 read-pairs
ATCGTGGT-ATCATGCG:	227 read-pairs
TAGCCATG-CGATCGAT:	111 read-pairs
GTAGCGTA-AACAGCGA:	222 read-pairs
AACAGCGA-GCTACTCT:	153 read-pairs
CGGTAATC-AACAGCGA:	82 read-pairs
TCGAGAGT-TCGACAAG:	239 read-pairs
GCTACTCT-AGAGTCCA:	312 read-pairs
AGAGTCCA-TGTTCCGT:	456 read-pairs
ATCATGCG-GATCAAGG:	351 read-pairs
GTAGCGTA-ATCATGCG:	210 read-pairs
TCGACAAG-CTCTGGAT:	296 read-pairs
ATCATGCG-GTAGCGTA:	200 read-pairs
CGGTAATC-GATCTTGC:	81 read-pairs
GTAGCGTA-TATGGCAC:	236 read-pairs
TCGACAAG-AGGATAGC:	118 read-pairs
CACTTCAC-TGTTCCGT:	197 read-pairs
CGGTAATC-CGATCGAT:	135 read-pairs
TAGCCATG-TCGGATTC:	134 read-pairs
CACTTCAC-GATCTTGC:	69 read-pairs
TAGCCATG-AGGATAGC:	195 read-pairs
GTCCTAAG-TCGACAAG:	130 read-pairs
AACAGCGA-TCGGATTC:	282 read-pairs
ATCGTGGT-GTCCTAAG:	129 read-pairs
TCGAGAGT-GATCTTGC:	153 read-pairs
AGAGTCCA-GATCAAGG:	162 read-pairs
ACGATCAG-TGTTCCGT:	369 read-pairs
ATCGTGGT-GATCTTGC:	93 read-pairs
TAGCCATG-TCGAGAGT:	294 read-pairs
GTAGCGTA-CGGTAATC:	104 read-pairs
GCTACTCT-TAGCCATG:	185 read-pairs
ATCGTGGT-TCGGATTC:	101 read-pairs
CGGTAATC-ATCATGCG:	100 read-pairs
ATCGTGGT-AACAGCGA:	148 read-pairs
GTCCTAAG-GTAGCGTA:	242 read-pairs
GCTACTCT-ATCATGCG:	198 read-pairs
TCGACAAG-TATGGCAC:	118 read-pairs
AACAGCGA-GATCAAGG:	234 read-pairs
AACAGCGA-TATGGCAC:	334 read-pairs
ATCATGCG-GTCCTAAG:	462 read-pairs
TCGAGAGT-CGGTAATC:	180 read-pairs
GATCTTGC-GATCAAGG:	122 read-pairs
AGAGTCCA-TAGCCATG:	261 read-pairs
AACAGCGA-AGAGTCCA:	340 read-pairs
GTAGCGTA-GTCCTAAG:	272 read-pairs
TAGCCATG-AGAGTCCA:	254 read-pairs
TCGACAAG-GATCTTGC:	38 read-pairs
GATCTTGC-TCGAGAGT:	107 read-pairs
CTAGCTCA-CGATCGAT:	388 read-pairs
CGATCGAT-TCGACAAG:	81 read-pairs
AACAGCGA-AGGATAGC:	350 read-pairs
TAGCCATG-GTAGCGTA:	199 read-pairs
GATCTTGC-ATCATGCG:	159 read-pairs
ACGATCAG-TCGACAAG:	250 read-pairs
CACTTCAC-GTCCTAAG:	84 read-pairs
TAGCCATG-GTCCTAAG:	300 read-pairs
GATCTTGC-GCTACTCT:	93 read-pairs
CTAGCTCA-TCGGATTC:	285 read-pairs
CGATCGAT-AGAGTCCA:	185 read-pairs
TCGACAAG-ACGATCAG:	182 read-pairs
CACTTCAC-TCGAGAGT:	106 read-pairs
TCTTCGAC-CACTTCAC:	689 read-pairs
TCGACAAG-GTAGCGTA:	69 read-pairs
CGATCGAT-TCGAGAGT:	205 read-pairs
GCTACTCT-CTAGCTCA:	431 read-pairs
TAGCCATG-AACAGCGA:	160 read-pairs
TATGGCAC-CGATCGAT:	190 read-pairs
AGGATAGC-CACTTCAC:	267 read-pairs
TCGGATTC-TATGGCAC:	287 read-pairs
ACGATCAG-GATCTTGC:	124 read-pairs
CGGTAATC-GTAGCGTA:	88 read-pairs
CGATCGAT-GATCAAGG:	114 read-pairs
ACGATCAG-AGGATAGC:	299 read-pairs
GTAGCGTA-AGGATAGC:	197 read-pairs
CGGTAATC-CACTTCAC:	147 read-pairs
CGATCGAT-TAGCCATG:	160 read-pairs
ATCGTGGT-GCTACTCT:	172 read-pairs
TCGAGAGT-ATCATGCG:	276 read-pairs
GATCAAGG-GATCTTGC:	149 read-pairs
GTCCTAAG-CGGTAATC:	99 read-pairs
GCTACTCT-CGGTAATC:	95 read-pairs
TCGGATTC-TGTTCCGT:	189 read-pairs
CGATCGAT-CGGTAATC:	147 read-pairs
GATCAAGG-AACAGCGA:	128 read-pairs
GATCAAGG-TCGACAAG:	99 read-pairs
TCGGATTC-CTCTGGAT:	405 read-pairs
ATCGTGGT-CGGTAATC:	121 read-pairs
CGGTAATC-AGAGTCCA:	115 read-pairs
GTAGCGTA-TCGACAAG:	72 read-pairs
ATCATGCG-GATCTTGC:	180 read-pairs
CACTTCAC-AACAGCGA:	77 read-pairs
GATCTTGC-TGTTCCGT:	130 read-pairs
GATCAAGG-TATGGCAC:	180 read-pairs
TATGGCAC-TCGACAAG:	178 read-pairs
ATCGTGGT-TCGACAAG:	77 read-pairs
GATCTTGC-ATCGTGGT:	62 read-pairs
TAGCCATG-ATCGTGGT:	142 read-pairs
TCGACAAG-GCTACTCT:	76 read-pairs
GTCCTAAG-GATCTTGC:	144 read-pairs
GCTACTCT-CGATCGAT:	141 read-pairs
TCGGATTC-CTAGCTCA:	230 read-pairs
AACAGCGA-GTAGCGTA:	314 read-pairs
CGATCGAT-GTCCTAAG:	150 read-pairs
ATCGTGGT-CGATCGAT:	157 read-pairs
ACGATCAG-GCTACTCT:	228 read-pairs
TCGGATTC-ATCGTGGT:	78 read-pairs
GTCCTAAG-AGAGTCCA:	223 read-pairs
AGAGTCCA-GATCTTGC:	110 read-pairs
ATCATGCG-CACTTCAC:	127 read-pairs
GATCTTGC-AGGATAGC:	263 read-pairs
GATCAAGG-TCGGATTC:	77 read-pairs
GATCTTGC-GTCCTAAG:	114 read-pairs
GATCAAGG-TCGAGAGT:	195 read-pairs
TCGACAAG-ATCGTGGT:	61 read-pairs
AGAGTCCA-CACTTCAC:	127 read-pairs
ACGATCAG-GTAGCGTA:	202 read-pairs
CGATCGAT-ATCGTGGT:	116 read-pairs
GATCTTGC-TAGCCATG:	78 read-pairs
ATCATGCG-CGATCGAT:	177 read-pairs
GCTACTCT-ATCGTGGT:	138 read-pairs
GATCTTGC-CACTTCAC:	78 read-pairs
AACAGCGA-TCGACAAG:	92 read-pairs
TATGGCAC-CGGTAATC:	243 read-pairs
GCTACTCT-AACAGCGA:	168 read-pairs
GATCTTGC-AGAGTCCA:	127 read-pairs
GATCTTGC-TCGACAAG:	31 read-pairs
CGGTAATC-GCTACTCT:	79 read-pairs
CGATCGAT-TCGGATTC:	87 read-pairs
CACTTCAC-GTAGCGTA:	82 read-pairs
TCGAGAGT-CACTTCAC:	110 read-pairs
GCTACTCT-TCGGATTC:	93 read-pairs
CACTTCAC-GATCAAGG:	83 read-pairs
CACTTCAC-ATCGTGGT:	78 read-pairs
GTCCTAAG-CACTTCAC:	88 read-pairs
TCGGATTC-ATCATGCG:	104 read-pairs
GATCTTGC-GTAGCGTA:	116 read-pairs
GATCTTGC-TCGGATTC:	61 read-pairs
TCGACAAG-CGGTAATC:	37 read-pairs
TCGGATTC-GTAGCGTA:	85 read-pairs
GATCAAGG-CGGTAATC:	79 read-pairs
TCGGATTC-AGAGTCCA:	131 read-pairs
GCTACTCT-CACTTCAC:	66 read-pairs
CACTTCAC-TCGACAAG:	42 read-pairs
TCGACAAG-CACTTCAC:	20 read-pairs
Percentage of read pairs that showed index hopping: 0.14%
Percentage of low quality read pairs: 15.90%
Percentage of reads that were matched: 83.96%
Number of Dual Matched Read-Pairs: 304980270
Number of Index Hopped Read-Pairs: 517612
Number of Unknown/Low Quality Read-Pairs: 57748853
